                            08/08/2023 at 23h25m07s                             


 ------------------------------------------------------------------------------
|   Another GFF Analysis Toolkit (AGAT) - Version: v1.0.0                      |
|   https://github.com/NBISweden/AGAT                                          |
|   National Bioinformatics Infrastructure Sweden (NBIS) - www.nbis.se         |
 ------------------------------------------------------------------------------
                                        
                                       
                          ------ Start parsing ------                           
-------------------------- parse options and metadata --------------------------
=> Accessing the feature_levels YAML file
Using standard /home/lucianhu/miniconda3/lib/perl5/site_perl/auto/share/dist/AGAT/feature_levels.yaml file
=> Attribute used to group features when no Parent/ID relationship exists (i.e common tag):
	* locus_tag
	* gene_id
=> merge_loci option deactivated
=> Machine information:
	This script is being run by perl v5.32.1
	Bioperl location being used: /home/lucianhu/miniconda3/lib/perl5/site_perl/Bio/
	Operating system being used: linux 
=> Accessing Ontology
	No ontology accessible from the gff file header!
	We use the SOFA ontology distributed with AGAT:
		/home/lucianhu/miniconda3/lib/perl5/site_perl/auto/share/dist/AGAT/so.obo
	Read ontology /home/lucianhu/miniconda3/lib/perl5/site_perl/auto/share/dist/AGAT/so.obo:
		4 root terms, and 2596 total terms, and 1516 leaf terms
	Filtering ontology:
The feature type (3rd column) is constrained to be either a term from the Sequence Ontology or an SO accession number. The latter alternative is distinguished using the syntax SO:000000. In either case, it must be sequence_feature (SO:0000110) or an is_a child of it.
We filter the ontology to apply this rule.		We found 1861 terms that are sequence_feature or is_a child of it.
--------------------------------- parsing file ---------------------------------
=> Number of line in file: 3002653
=> Number of comment lines: 62042
=> Fasta included: No
=> Number of features lines: 2940611
=> Number of feature type (3rd column): 22
	* Level1: 4 => region ncRNA_gene pseudogene gene
	* level2: 14 => D_gene_segment snoRNA scRNA ncRNA mRNA snRNA C_gene_segment rRNA unconfirmed_transcript V_gene_segment lnc_RNA miRNA J_gene_segment pseudogenic_transcript
	* level3: 4 => exon CDS five_prime_UTR three_prime_UTR
	* unknown: 0 => 
=> Version of the Bioperl GFF parser selected by AGAT: 3
                 ------ End parsing (done in 182 second) ------                 


                           ------ Start checks ------                           
---------------------------- Check1: feature types -----------------------------
----------------------------------- ontology -----------------------------------
INFO - Feature types not expected by the GFF3 specification:
* lnc_rna
The feature type (3rd column in GFF3) is constrained to be either a term from th
e Sequence Ontology or an SO accession number. The latter alternative is disting
uished using the syntax SO:000000. In either case, it must be sequence_feature (
SO:0000110) or an is_a child of it.To follow rigorously the gff3 format, please 
visit this website:
https://github.com/The-Sequence-Ontology/Specifications/blob/master/gff3.md
------------------------------------- agat -------------------------------------
AGAT can deal with all the encountered feature types (3rd column)
------------------------------ done in 0 seconds -------------------------------

------------------------------ Check2: duplicates ------------------------------
None found
------------------------------ done in 0 seconds -------------------------------

-------------------------- Check3: sequential bucket ---------------------------
None found
------------------------------ done in 2 seconds -------------------------------

--------------------------- Check4: l2 linked to l3 ----------------------------
No problem found
------------------------------ done in 2 seconds -------------------------------

--------------------------- Check5: l1 linked to l2 ----------------------------
No problem found
------------------------------ done in 0 seconds -------------------------------

--------------------------- Check6: remove orphan l1 ---------------------------
We remove only those not supposed to be orphan
None found
------------------------------ done in 0 seconds -------------------------------

------------------------- Check7: all level3 locations -------------------------
Features adjacents we merge them:
3	ensembl	CDS	44514995	44515112	.	-	1	ID "CDS:ENSP05220087240"  ; Parent "transcript:ENST05220195079"  ; protein_id ENSP05220087240 ; version 1
3	ensembl	CDS	44515113	44516445	.	-	2	ID "CDS:ENSP05220087240"  ; Parent "transcript:ENST05220195079"  ; protein_id ENSP05220087240 ; version 1
Features adjacents we merge them:
12	ensembl	CDS	121619938	121620060	.	+	0	ID "CDS:ENSP05220068556"  ; Parent "transcript:ENST05220153671"  ; protein_id ENSP05220068556 ; version 1
12	ensembl	CDS	121620061	121620240	.	+	0	ID "CDS:ENSP05220068556"  ; Parent "transcript:ENST05220153671"  ; protein_id ENSP05220068556 ; version 1
Features adjacents we merge them:
1	ensembl	CDS	145724408	145724562	.	-	1	ID "CDS:ENSP05220043856"  ; Parent "transcript:ENST05220097817"  ; protein_id ENSP05220043856 ; version 1
1	ensembl	CDS	145724563	145724580	.	-	1	ID "CDS:ENSP05220043856"  ; Parent "transcript:ENST05220097817"  ; protein_id ENSP05220043856 ; version 1
Features adjacents we merge them:
1	ensembl	CDS	145724408	145724562	.	-	1	ID "CDS:ENSP05220103746"  ; Parent "transcript:ENST05220234280"  ; protein_id ENSP05220103746 ; version 1
1	ensembl	CDS	145724563	145724580	.	-	1	ID "CDS:ENSP05220103746"  ; Parent "transcript:ENST05220234280"  ; protein_id ENSP05220103746 ; version 1
Features adjacents we merge them:
1	ensembl	CDS	145724408	145724562	.	-	1	ID "CDS:ENSP05220043855"  ; Parent "transcript:ENST05220097816"  ; protein_id ENSP05220043855 ; version 1
1	ensembl	CDS	145724563	145724580	.	-	1	ID "CDS:ENSP05220043855"  ; Parent "transcript:ENST05220097816"  ; protein_id ENSP05220043855 ; version 1
Features adjacents we merge them:
19	ensembl	CDS	51475939	51476085	.	+	0	ID "CDS:ENSP05220008375"  ; Parent "transcript:ENST05220017940"  ; protein_id ENSP05220008375 ; version 1
19	ensembl	CDS	51476086	51476130	.	+	0	ID "CDS:ENSP05220008375"  ; Parent "transcript:ENST05220017940"  ; protein_id ENSP05220008375 ; version 1
Features adjacents we merge them:
11	ensembl	CDS	72065847	72065996	.	+	0	ID "CDS:ENSP05220104333"  ; Parent "transcript:ENST05220235217"  ; protein_id ENSP05220104333 ; version 1
11	ensembl	CDS	72065997	72065999	.	+	0	ID "CDS:ENSP05220104333"  ; Parent "transcript:ENST05220235217"  ; protein_id ENSP05220104333 ; version 1
Features adjacents we merge them:
1	ensembl	CDS	154327779	154328501	.	-	0	ID "CDS:ENSP05220055910"  ; Parent "transcript:ENST05220125131"  ; protein_id ENSP05220055910 ; version 1
1	ensembl	CDS	154328502	154329210	.	-	1	ID "CDS:ENSP05220055910"  ; Parent "transcript:ENST05220125131"  ; protein_id ENSP05220055910 ; version 1
Features adjacents we merge them:
12	ensembl	exon	121619745	121620060	.	+	.	ID ENSE05220489525 ; Parent "transcript:ENST05220153671"  ; constitutive 0 ; exon_id ENSE05220489525 ; rank 1 ; version 1
12	ensembl	exon	121620061	121620240	.	+	.	ID ENSE05220489528 ; Parent "transcript:ENST05220153671"  ; constitutive 0 ; exon_id ENSE05220489528 ; rank 2 ; version 1
Features adjacents we merge them:
1	ensembl	exon	145724408	145724562	.	-	.	ID ENSE05220748505 ; Parent "transcript:ENST05220097817"  ; constitutive 0 ; exon_id ENSE05220748505 ; rank 19 ; version 1
1	ensembl	exon	145724563	145724580	.	-	.	ID ENSE05220748504 ; Parent "transcript:ENST05220097817"  ; constitutive 0 ; exon_id ENSE05220748504 ; rank 18 ; version 1
Features adjacents we merge them:
1	ensembl	exon	145724408	145724562	.	-	.	ID "nbis-exon-36986"  ; Parent "transcript:ENST05220234280"  ; constitutive 0 ; exon_id ENSE05220748505 ; rank 15 ; version 1
1	ensembl	exon	145724563	145724580	.	-	.	ID "nbis-exon-36987"  ; Parent "transcript:ENST05220234280"  ; constitutive 0 ; exon_id ENSE05220748504 ; rank 14 ; version 1
Features adjacents we merge them:
10	ensembl	exon	98157746	98157840	.	+	.	ID ENSE05220259085 ; Parent "transcript:ENST05220082088"  ; constitutive 1 ; exon_id ENSE05220259085 ; rank 1 ; version 1
10	ensembl	exon	98157841	98157957	.	+	.	ID ENSE05220259087 ; Parent "transcript:ENST05220082088"  ; constitutive 1 ; exon_id ENSE05220259087 ; rank 2 ; version 1
Features adjacents we merge them:
11	ensembl	exon	72065847	72065996	.	+	.	ID "nbis-exon-121762"  ; Parent "transcript:ENST05220235217"  ; constitutive 0 ; exon_id ENSE05220429919 ; rank 2 ; version 1
11	ensembl	exon	72065997	72066033	.	+	.	ID ENSE05220753133 ; Parent "transcript:ENST05220235217"  ; constitutive 0 ; exon_id ENSE05220753133 ; rank 3 ; version 1
Features adjacents we merge them:
19	ensembl	exon	51475939	51476085	.	+	.	ID ENSE05220055927 ; Parent "transcript:ENST05220017940"  ; constitutive 0 ; exon_id ENSE05220055927 ; rank 3 ; version 1
19	ensembl	exon	51476086	51476476	.	+	.	ID ENSE05220055928 ; Parent "transcript:ENST05220017940"  ; constitutive 0 ; exon_id ENSE05220055928 ; rank 4 ; version 1
Features adjacents we merge them:
1	ensembl	exon	154327779	154328501	.	-	.	ID ENSE05220397462 ; Parent "transcript:ENST05220125131"  ; constitutive 0 ; exon_id ENSE05220397462 ; rank 6 ; version 1
1	ensembl	exon	154328502	154329210	.	-	.	ID ENSE05220397461 ; Parent "transcript:ENST05220125131"  ; constitutive 0 ; exon_id ENSE05220397461 ; rank 5 ; version 1
Features adjacents we merge them:
3	ensembl	exon	44514783	44515112	.	-	.	ID ENSE05220622708 ; Parent "transcript:ENST05220195079"  ; constitutive 0 ; exon_id ENSE05220622708 ; rank 5 ; version 1
3	ensembl	exon	44515113	44516445	.	-	.	ID ENSE05220622707 ; Parent "transcript:ENST05220195079"  ; constitutive 0 ; exon_id ENSE05220622707 ; rank 4 ; version 1
Features adjacents we merge them:
1	ensembl	exon	145724408	145724562	.	-	.	ID "nbis-exon-37030"  ; Parent "transcript:ENST05220097816"  ; constitutive 0 ; exon_id ENSE05220748505 ; rank 18 ; version 1
1	ensembl	exon	145724563	145724580	.	-	.	ID "nbis-exon-37031"  ; Parent "transcript:ENST05220097816"  ; constitutive 0 ; exon_id ENSE05220748504 ; rank 17 ; version 1
Features adjacents we merge them:
15	ensembl	exon	88386884	88387091	.	-	.	ID ENSE05220606592 ; Parent "transcript:ENST05220190250"  ; constitutive 1 ; exon_id ENSE05220606592 ; rank 2 ; version 1
15	ensembl	exon	88387092	88387768	.	-	.	ID ENSE05220606591 ; Parent "transcript:ENST05220190250"  ; constitutive 1 ; exon_id ENSE05220606591 ; rank 1 ; version 1
Features adjacents we merge them:
1	ensembl	exon	227572954	227573299	.	-	.	ID ENSE05220217741 ; Parent "transcript:ENST05220069031"  ; constitutive 1 ; exon_id ENSE05220217741 ; rank 2 ; version 1
1	ensembl	exon	227573300	227573527	.	-	.	ID ENSE05220217740 ; Parent "transcript:ENST05220069031"  ; constitutive 1 ; exon_id ENSE05220217740 ; rank 1 ; version 1
------------------------------ done in 26 seconds ------------------------------

------------------------------ Check8: check cds -------------------------------
No problem found
------------------------------ done in 0 seconds -------------------------------

----------------------------- Check9: check exons ------------------------------
No exons created
No exons locations modified
No supernumerary exons removed
No level2 locations modified
------------------------------ done in 16 seconds ------------------------------

----------------------------- Check10: check utrs ------------------------------
No UTRs created
No UTRs locations modified
No supernumerary UTRs removed
------------------------------ done in 10 seconds ------------------------------

------------------------ Check11: all level2 locations -------------------------
No problem found
------------------------------ done in 17 seconds ------------------------------

------------------------ Check12: all level1 locations -------------------------
No problem found
------------------------------ done in 2 seconds -------------------------------

---------------------- Check13: remove identical isoforms ----------------------
Lets remove isoform transcript:ENST05220157013
Lets remove isoform transcript:ENST05220156997
Lets remove isoform transcript:ENST05220156996
Lets remove isoform transcript:ENST05220237184
Lets remove isoform transcript:ENST05220225643
Lets remove isoform transcript:ENST05220110671
Lets remove isoform transcript:ENST05220022854
Lets remove isoform transcript:ENST05220211847
Lets remove isoform transcript:ENST05220182032
Lets remove isoform transcript:ENST05220234285
Lets remove isoform transcript:ENST05220225790
Lets remove isoform transcript:ENST05220209108
Lets remove isoform transcript:ENST05220049445
Lets remove isoform transcript:ENST05220049444
Lets remove isoform transcript:ENST05220049443
Lets remove isoform transcript:ENST05220011086
Lets remove isoform transcript:ENST05220216526
Lets remove isoform transcript:ENST05220149634
Lets remove isoform transcript:ENST05220212436
Lets remove isoform transcript:ENST05220059975
Lets remove isoform transcript:ENST05220114141
Lets remove isoform transcript:ENST05220005551
Lets remove isoform transcript:ENST05220221096
Lets remove isoform transcript:ENST05220136723
Lets remove isoform transcript:ENST05220017325
Lets remove isoform transcript:ENST05220083731
Lets remove isoform transcript:ENST05220004014
Lets remove isoform transcript:ENST05220134124
Lets remove isoform transcript:ENST05220010685
Lets remove isoform transcript:ENST05220076453
Lets remove isoform transcript:ENST05220103213
Lets remove isoform transcript:ENST05220103212
Lets remove isoform transcript:ENST05220195593
Lets remove isoform transcript:ENST05220136978
Lets remove isoform transcript:ENST05220031352
Lets remove isoform transcript:ENST05220234280
Lets remove isoform transcript:ENST05220145908
Lets remove isoform transcript:ENST05220123585
Lets remove isoform transcript:ENST05220138364
Lets remove isoform transcript:ENST05220234290
Lets remove isoform transcript:ENST05220049448
Lets remove isoform transcript:ENST05220049447
Lets remove isoform transcript:ENST05220049446
Lets remove isoform transcript:ENST05220049441
Lets remove isoform transcript:ENST05220049440
Lets remove isoform transcript:ENST05220049439
Lets remove isoform transcript:ENST05220049438
Lets remove isoform transcript:ENST05220021592
Lets remove isoform transcript:ENST05220147997
Lets remove isoform transcript:ENST05220106206
Lets remove isoform transcript:ENST05220052165
Lets remove isoform transcript:ENST05220215898
Lets remove isoform transcript:ENST05220157611
Lets remove isoform transcript:ENST05220216006
Lets remove isoform transcript:ENST05220088645
Lets remove isoform transcript:ENST05220237036
Lets remove isoform transcript:ENST05220214221
Lets remove isoform transcript:ENST05220011862
58 identical isoforms removed
------------------------------ done in 25 seconds ------------------------------
                  ------ End checks (done in 100 second) ------                 


